<?xml version="1.0" encoding="UTF-8"?>
<testsuite name="SkillControllerTest" tests="2" skipped="0" failures="0" errors="0" timestamp="2024-04-20T13:06:51" hostname="pedrojonas-ubunto" time="0.357">
  <properties/>
  <testcase name="addSkillJobVacancy()" classname="SkillControllerTest" time="0.316"/>
  <testcase name="addSkillCandidate()" classname="SkillControllerTest" time="0.034"/>
  <system-out><![CDATA[]]></system-out>
  <system-err><![CDATA[]]></system-err>
</testsuite>
