<?xml version="1.0" encoding="UTF-8"?>
<testsuite name="CompanyControllerTest" tests="1" skipped="0" failures="0" errors="0" timestamp="2024-05-04T14:32:33" hostname="pedrojonas-ubunto" time="0.331">
  <properties/>
  <testcase name="getCompaniesTest()" classname="CompanyControllerTest" time="0.331"/>
  <system-out><![CDATA[]]></system-out>
  <system-err><![CDATA[]]></system-err>
</testsuite>
