<?xml version="1.0" encoding="UTF-8"?>
<testsuite name="JobVacancyControllerTest" tests="4" skipped="0" failures="0" errors="0" timestamp="2024-04-25T13:33:21" hostname="pedrojonas-ubunto" time="0.711">
  <properties/>
  <testcase name="updateCompanyTest()" classname="JobVacancyControllerTest" time="0.445"/>
  <testcase name="getCompaniesTest()" classname="JobVacancyControllerTest" time="0.198"/>
  <testcase name="deleteCompanyTest()" classname="JobVacancyControllerTest" time="0.024"/>
  <testcase name="addCompanyTest()" classname="JobVacancyControllerTest" time="0.021"/>
  <system-out><![CDATA[]]></system-out>
  <system-err><![CDATA[]]></system-err>
</testsuite>
