<?xml version="1.0" encoding="UTF-8"?>
<testsuite name="CandidatesControllerTest" tests="1" skipped="0" failures="0" errors="0" timestamp="2024-04-17T11:59:31" hostname="pedrojonas-ubunto" time="0.21">
  <properties/>
  <testcase name="deleteCandidate()" classname="CandidatesControllerTest" time="0.21"/>
  <system-out><![CDATA[]]></system-out>
  <system-err><![CDATA[]]></system-err>
</testsuite>
