<?xml version="1.0" encoding="UTF-8"?>
<testsuite name="JobVacancyServiceTest" tests="5" skipped="0" failures="0" errors="0" timestamp="2024-05-05T16:03:40" hostname="pedrojonas-ubunto" time="0.552">
  <properties/>
  <testcase name="updateCompanyTest()" classname="JobVacancyServiceTest" time="0.317"/>
  <testcase name="getCompaniesWithSkillsTest()" classname="JobVacancyServiceTest" time="0.146"/>
  <testcase name="getCompaniesTest()" classname="JobVacancyServiceTest" time="0.024"/>
  <testcase name="deleteCompanyTest()" classname="JobVacancyServiceTest" time="0.021"/>
  <testcase name="addCompanyTest()" classname="JobVacancyServiceTest" time="0.019"/>
  <system-out><![CDATA[]]></system-out>
  <system-err><![CDATA[]]></system-err>
</testsuite>
