<?xml version="1.0" encoding="UTF-8"?>
<testsuite name="JobVacancyControllerTest" tests="4" skipped="0" failures="0" errors="0" timestamp="2024-04-18T20:40:03" hostname="pedrojonas-ubunto" time="0.49">
  <properties/>
  <testcase name="updateCompanyTest()" classname="JobVacancyControllerTest" time="0.285"/>
  <testcase name="getCompaniesTest()" classname="JobVacancyControllerTest" time="0.158"/>
  <testcase name="deleteCompanyTest()" classname="JobVacancyControllerTest" time="0.013"/>
  <testcase name="addCompanyTest()" classname="JobVacancyControllerTest" time="0.015"/>
  <system-out><![CDATA[]]></system-out>
  <system-err><![CDATA[]]></system-err>
</testsuite>
